2022-05-21 09:48:29.680 [background-preinit] INFO  o.h.validator.internal.util.Version:21- HV000001: Hibernate Validator 6.0.22.Final
2022-05-21 09:48:29.744 [main] INFO  c.b.s.BluewindShortUrlApplication:55- Starting BluewindShortUrlApplication on liuxingyu0100 with PID 211868 (D:\ideaworkplace\bluewind-shorturl\target\classes started by liuxingyu01 in D:\ideaworkplace\bluewind-shorturl)
2022-05-21 09:48:29.745 [main] INFO  c.b.s.BluewindShortUrlApplication:651- No active profile set, falling back to default profiles: default
2022-05-21 09:48:32.094 [main] INFO  org.eclipse.jetty.util.log:169- Logging initialized @5930ms to org.eclipse.jetty.util.log.Slf4jLog
2022-05-21 09:48:32.226 [main] INFO  org.eclipse.jetty.server.Server:375- jetty-9.4.35.v20201120; built: 2020-11-20T21:17:03.964Z; git: bdc54f03a5e0a7e280fab27f55c3c75ee8da89fb; jvm 1.8.0_322-b01
2022-05-21 09:48:32.254 [main] INFO  o.e.j.s.h.ContextHandler.application:2363- Initializing Spring embedded WebApplicationContext
2022-05-21 09:48:32.907 [main] INFO  org.eclipse.jetty.server.session:334- DefaultSessionIdManager workerName=node0
2022-05-21 09:48:32.907 [main] INFO  org.eclipse.jetty.server.session:339- No SessionScavenger set, using defaults
2022-05-21 09:48:32.909 [main] INFO  org.eclipse.jetty.server.session:132- node0 Scavenging every 600000ms
2022-05-21 09:48:32.923 [main] INFO  o.e.j.server.handler.ContextHandler:916- Started o.s.b.w.e.j.JettyEmbeddedWebAppContext@2a869a16{application,/,[file:///C:/Users/liuxingyu01/AppData/Local/Temp/jetty-docbase.8076.6046336440836487943/],AVAILABLE}
2022-05-21 09:48:32.924 [main] INFO  org.eclipse.jetty.server.Server:415- Started @6761ms
2022-05-21 09:48:33.018 [main] INFO  c.a.d.s.b.a.DruidDataSourceAutoConfigure:56- Init DruidDataSource
2022-05-21 09:48:33.553 [main] INFO  c.alibaba.druid.pool.DruidDataSource:998- {dataSource-1} inited
2022-05-21 09:48:33.865 [main] INFO  c.b.s.common.config.ExecutorConfig:37- start asyncServiceExecutor
2022-05-21 09:48:35.720 [main] INFO  io.lettuce.core.EpollProvider:68- Starting without optional epoll library
2022-05-21 09:48:35.723 [main] INFO  io.lettuce.core.KqueueProvider:70- Starting without optional kqueue library
2022-05-21 09:48:38.666 [main] INFO  o.e.j.s.h.ContextHandler.application:2363- Initializing Spring DispatcherServlet 'dispatcherServlet'
2022-05-21 09:48:38.730 [main] INFO  o.e.jetty.server.AbstractConnector:331- Started ServerConnector@12b5454f{HTTP/1.1, (http/1.1)}{0.0.0.0:8076}
2022-05-21 09:48:38.743 [main] INFO  c.b.s.BluewindShortUrlApplication:61- Started BluewindShortUrlApplication in 10.147 seconds (JVM running for 12.58)
2022-05-21 09:48:38.748 [main] INFO  c.b.s.BluewindShortUrlApplication:27- bluewind-shorturl 启动成功！
┌─┐┬ ┬┌─┐┌─┐┌─┐┌─┐┌─┐  ┌─┐┌┬┐┌─┐┬─┐┌┬┐┌─┐┌┬┐   ┬
└─┐│ ││  │  ├┤ └─┐└─┐  └─┐ │ ├─┤├┬┘ │ ├┤  ││   │
└─┘└─┘└─┘└─┘└─┘└─┘└─┘  └─┘ ┴ ┴ ┴┴└─ ┴ └─┘─┴┘   o
-------------------------------------------------------------------------
2022-05-21 09:48:38.749 [main] INFO  c.b.s.BluewindShortUrlApplication:34- 
----------------------------------------------------------
	Access URLs:
	Local: 		http://localhost:8076/
	External: 	http://10.49.12.120:8076/
	----------------------------------------------------------
2022-05-21 09:48:42.972 [qtp1677840544-32] INFO  c.b.s.m.p.c.ShortUrlController:30- 进入方法：首页----index
2022-05-21 09:48:42.980 [qtp1677840544-32] INFO  c.b.s.m.p.c.ShortUrlController:40- 方法结束：首页----index,用时：6毫秒
2022-05-21 09:48:50.092 [qtp1677840544-33] INFO  c.b.s.m.p.c.ShortUrlController:30- 进入方法：短链生成----generateShortURL
2022-05-21 09:48:50.098 [qtp1677840544-33] INFO  c.b.s.m.p.c.ShortUrlController:97- ShortUrlController -- generateShortURL -- expireDate = 20991231235959
2022-05-21 09:48:50.101 [qtp1677840544-33] INFO  c.b.s.m.p.s.ShortUrlServiceImpl:91- ShortUrlServiceImpl -- generateUrlMap -- originalURL = https://www.iconfont.cn/search/index?searchType=icon&q=%E5%8A%A0%E5%8F%B7
2022-05-21 09:48:50.596 [qtp1677840544-33] INFO  c.b.s.m.p.c.ShortUrlController:40- 方法结束：短链生成----generateShortURL,用时：503毫秒
2022-05-21 09:50:02.149 [qtp1677840544-32] INFO  c.b.s.m.p.c.ShortUrlController:30- 进入方法：短链解析转发----redirect
2022-05-21 09:50:02.247 [qtp1677840544-32] INFO  c.b.s.m.p.c.ShortUrlController:40- 方法结束：短链解析转发----redirect,用时：96毫秒
2022-05-21 09:50:02.272 [async-service-1] WARN  c.a.d.pool.DruidAbstractDataSource:1494- discard long time none received connection. , jdbcUrl : jdbc:mysql://127.0.0.1:3306/short_url?useSSL=false&serverTimezone=UTC&characterEncoding=utf8, version : 1.2.8, lastPacketReceivedIdleMillis : 71672
2022-05-21 09:50:02.276 [async-service-1] WARN  c.a.d.pool.DruidAbstractDataSource:1494- discard long time none received connection. , jdbcUrl : jdbc:mysql://127.0.0.1:3306/short_url?useSSL=false&serverTimezone=UTC&characterEncoding=utf8, version : 1.2.8, lastPacketReceivedIdleMillis : 88734
2022-05-21 09:50:02.280 [async-service-1] WARN  c.a.d.pool.DruidAbstractDataSource:1494- discard long time none received connection. , jdbcUrl : jdbc:mysql://127.0.0.1:3306/short_url?useSSL=false&serverTimezone=UTC&characterEncoding=utf8, version : 1.2.8, lastPacketReceivedIdleMillis : 88744
2022-05-21 09:50:02.284 [async-service-1] WARN  c.a.d.pool.DruidAbstractDataSource:1494- discard long time none received connection. , jdbcUrl : jdbc:mysql://127.0.0.1:3306/short_url?useSSL=false&serverTimezone=UTC&characterEncoding=utf8, version : 1.2.8, lastPacketReceivedIdleMillis : 88755
2022-05-21 10:04:46.975 [background-preinit] INFO  o.h.validator.internal.util.Version:21- HV000001: Hibernate Validator 6.0.22.Final
2022-05-21 10:04:47.015 [main] INFO  c.b.s.BluewindShortUrlApplication:55- Starting BluewindShortUrlApplication on liuxingyu0100 with PID 197460 (D:\ideaworkplace\bluewind-shorturl\target\classes started by liuxingyu01 in D:\ideaworkplace\bluewind-shorturl)
2022-05-21 10:04:47.016 [main] INFO  c.b.s.BluewindShortUrlApplication:651- No active profile set, falling back to default profiles: default
2022-05-21 10:04:48.785 [main] INFO  org.eclipse.jetty.util.log:169- Logging initialized @3849ms to org.eclipse.jetty.util.log.Slf4jLog
2022-05-21 10:04:48.877 [main] INFO  org.eclipse.jetty.server.Server:375- jetty-9.4.35.v20201120; built: 2020-11-20T21:17:03.964Z; git: bdc54f03a5e0a7e280fab27f55c3c75ee8da89fb; jvm 1.8.0_322-b01
2022-05-21 10:04:48.902 [main] INFO  o.e.j.s.h.ContextHandler.application:2363- Initializing Spring embedded WebApplicationContext
2022-05-21 10:04:49.335 [main] INFO  org.eclipse.jetty.server.session:334- DefaultSessionIdManager workerName=node0
2022-05-21 10:04:49.335 [main] INFO  org.eclipse.jetty.server.session:339- No SessionScavenger set, using defaults
2022-05-21 10:04:49.337 [main] INFO  org.eclipse.jetty.server.session:132- node0 Scavenging every 600000ms
2022-05-21 10:04:49.350 [main] INFO  o.e.j.server.handler.ContextHandler:916- Started o.s.b.w.e.j.JettyEmbeddedWebAppContext@2d64160c{application,/,[file:///C:/Users/liuxingyu01/AppData/Local/Temp/jetty-docbase.8076.573617689685591273/],AVAILABLE}
2022-05-21 10:04:49.351 [main] INFO  org.eclipse.jetty.server.Server:415- Started @4415ms
2022-05-21 10:04:49.459 [main] INFO  c.a.d.s.b.a.DruidDataSourceAutoConfigure:56- Init DruidDataSource
2022-05-21 10:04:49.822 [main] INFO  c.alibaba.druid.pool.DruidDataSource:998- {dataSource-1} inited
2022-05-21 10:04:50.050 [main] INFO  c.b.s.common.config.ExecutorConfig:37- start asyncServiceExecutor
2022-05-21 10:04:51.070 [main] INFO  io.lettuce.core.EpollProvider:68- Starting without optional epoll library
2022-05-21 10:04:51.072 [main] INFO  io.lettuce.core.KqueueProvider:70- Starting without optional kqueue library
2022-05-21 10:04:52.670 [main] INFO  o.e.j.s.h.ContextHandler.application:2363- Initializing Spring DispatcherServlet 'dispatcherServlet'
2022-05-21 10:04:52.698 [main] INFO  o.e.jetty.server.AbstractConnector:331- Started ServerConnector@7b4acdc2{HTTP/1.1, (http/1.1)}{0.0.0.0:8076}
2022-05-21 10:04:52.707 [main] INFO  c.b.s.BluewindShortUrlApplication:61- Started BluewindShortUrlApplication in 6.424 seconds (JVM running for 7.771)
2022-05-21 10:04:52.709 [main] INFO  c.b.s.BluewindShortUrlApplication:27- bluewind-shorturl 启动成功！
┌─┐┬ ┬┌─┐┌─┐┌─┐┌─┐┌─┐  ┌─┐┌┬┐┌─┐┬─┐┌┬┐┌─┐┌┬┐   ┬
└─┐│ ││  │  ├┤ └─┐└─┐  └─┐ │ ├─┤├┬┘ │ ├┤  ││   │
└─┘└─┘└─┘└─┘└─┘└─┘└─┘  └─┘ ┴ ┴ ┴┴└─ ┴ └─┘─┴┘   o
-------------------------------------------------------------------------
2022-05-21 10:04:52.710 [main] INFO  c.b.s.BluewindShortUrlApplication:34- 
----------------------------------------------------------
	Access URLs:
	Local: 		http://localhost:8076/
	External: 	http://10.49.12.120:8076/
	----------------------------------------------------------
2022-05-21 10:05:06.319 [qtp899675353-32] INFO  c.b.s.m.p.c.ShortUrlController:30- 进入方法：短链解析转发----redirect
2022-05-21 10:05:06.983 [qtp899675353-32] INFO  c.b.s.m.p.c.ShortUrlController:40- 方法结束：短链解析转发----redirect,用时：662毫秒
2022-05-21 10:12:01.976 [background-preinit] INFO  o.h.validator.internal.util.Version:21- HV000001: Hibernate Validator 6.0.22.Final
2022-05-21 10:12:02.041 [main] INFO  c.b.s.BluewindShortUrlApplication:55- Starting BluewindShortUrlApplication on liuxingyu0100 with PID 211796 (D:\ideaworkplace\bluewind-shorturl\target\classes started by liuxingyu01 in D:\ideaworkplace\bluewind-shorturl)
2022-05-21 10:12:02.043 [main] INFO  c.b.s.BluewindShortUrlApplication:651- No active profile set, falling back to default profiles: default
2022-05-21 10:12:04.427 [main] INFO  org.eclipse.jetty.util.log:169- Logging initialized @6575ms to org.eclipse.jetty.util.log.Slf4jLog
2022-05-21 10:12:04.564 [main] INFO  org.eclipse.jetty.server.Server:375- jetty-9.4.35.v20201120; built: 2020-11-20T21:17:03.964Z; git: bdc54f03a5e0a7e280fab27f55c3c75ee8da89fb; jvm 1.8.0_322-b01
2022-05-21 10:12:04.602 [main] INFO  o.e.j.s.h.ContextHandler.application:2363- Initializing Spring embedded WebApplicationContext
2022-05-21 10:12:05.161 [main] INFO  org.eclipse.jetty.server.session:334- DefaultSessionIdManager workerName=node0
2022-05-21 10:12:05.162 [main] INFO  org.eclipse.jetty.server.session:339- No SessionScavenger set, using defaults
2022-05-21 10:12:05.164 [main] INFO  org.eclipse.jetty.server.session:132- node0 Scavenging every 600000ms
2022-05-21 10:12:05.181 [main] INFO  o.e.j.server.handler.ContextHandler:916- Started o.s.b.w.e.j.JettyEmbeddedWebAppContext@1b1c538d{application,/,[file:///C:/Users/liuxingyu01/AppData/Local/Temp/jetty-docbase.8076.8648988398351396389/],AVAILABLE}
2022-05-21 10:12:05.182 [main] INFO  org.eclipse.jetty.server.Server:415- Started @7331ms
2022-05-21 10:12:05.302 [main] INFO  c.a.d.s.b.a.DruidDataSourceAutoConfigure:56- Init DruidDataSource
2022-05-21 10:12:05.765 [main] INFO  c.alibaba.druid.pool.DruidDataSource:998- {dataSource-1} inited
2022-05-21 10:12:06.084 [main] INFO  c.b.s.common.config.ExecutorConfig:37- start asyncServiceExecutor
2022-05-21 10:12:06.914 [main] INFO  io.lettuce.core.EpollProvider:68- Starting without optional epoll library
2022-05-21 10:12:06.916 [main] INFO  io.lettuce.core.KqueueProvider:70- Starting without optional kqueue library
2022-05-21 10:12:08.465 [main] INFO  o.e.j.s.h.ContextHandler.application:2363- Initializing Spring DispatcherServlet 'dispatcherServlet'
2022-05-21 10:12:08.490 [main] INFO  o.e.jetty.server.AbstractConnector:331- Started ServerConnector@58f07f02{HTTP/1.1, (http/1.1)}{0.0.0.0:8076}
2022-05-21 10:12:08.497 [main] INFO  c.b.s.BluewindShortUrlApplication:61- Started BluewindShortUrlApplication in 7.906 seconds (JVM running for 10.646)
2022-05-21 10:12:08.500 [main] INFO  c.b.s.BluewindShortUrlApplication:27- bluewind-shorturl 启动成功！
┌─┐┬ ┬┌─┐┌─┐┌─┐┌─┐┌─┐  ┌─┐┌┬┐┌─┐┬─┐┌┬┐┌─┐┌┬┐   ┬
└─┐│ ││  │  ├┤ └─┐└─┐  └─┐ │ ├─┤├┬┘ │ ├┤  ││   │
└─┘└─┘└─┘└─┘└─┘└─┘└─┘  └─┘ ┴ ┴ ┴┴└─ ┴ └─┘─┴┘   o
-------------------------------------------------------------------------
2022-05-21 10:12:08.500 [main] INFO  c.b.s.BluewindShortUrlApplication:34- 
----------------------------------------------------------
	Access URLs:
	Local: 		http://localhost:8076/
	External: 	http://10.49.12.120:8076/
	----------------------------------------------------------
2022-05-21 10:12:19.854 [qtp2062132026-32] INFO  c.b.s.m.p.c.ShortUrlController:30- 进入方法：首页----index
2022-05-21 10:12:19.860 [qtp2062132026-32] INFO  c.b.s.m.p.c.ShortUrlController:40- 方法结束：首页----index,用时：6毫秒
2022-05-21 10:12:39.459 [qtp2062132026-29] INFO  c.b.s.m.p.c.ShortUrlController:30- 进入方法：短链生成----generateShortURL
2022-05-21 10:12:39.467 [qtp2062132026-29] INFO  c.b.s.m.p.c.ShortUrlController:97- ShortUrlController -- generateShortURL -- expireDate = 20991231235959
2022-05-21 10:12:39.487 [qtp2062132026-29] INFO  c.b.s.m.p.s.ShortUrlServiceImpl:91- ShortUrlServiceImpl -- generateUrlMap -- originalURL = https://juejin.cn/post/6844904184953700360#heading-32
2022-05-21 10:12:39.843 [qtp2062132026-29] INFO  c.b.s.m.p.c.ShortUrlController:40- 方法结束：短链生成----generateShortURL,用时：383毫秒
2022-05-21 10:12:45.001 [qtp2062132026-34] INFO  c.b.s.m.p.c.ShortUrlController:30- 进入方法：短链解析转发----redirect
2022-05-21 10:12:45.053 [qtp2062132026-34] INFO  c.b.s.m.p.c.ShortUrlController:40- 方法结束：短链解析转发----redirect,用时：50毫秒
2022-05-21 10:14:09.083 [qtp2062132026-32] INFO  c.b.s.m.p.c.ShortUrlController:30- 进入方法：首页----index
2022-05-21 10:14:09.085 [qtp2062132026-32] INFO  c.b.s.m.p.c.ShortUrlController:40- 方法结束：首页----index,用时：0毫秒
2022-05-21 10:14:12.784 [qtp2062132026-30] INFO  c.b.s.m.p.c.ShortUrlController:30- 进入方法：短链解析转发----redirect
2022-05-21 10:14:12.789 [qtp2062132026-30] INFO  c.b.s.m.p.c.ShortUrlController:40- 方法结束：短链解析转发----redirect,用时：4毫秒
2022-05-21 10:14:12.948 [async-service-2] WARN  c.a.d.pool.DruidAbstractDataSource:1494- discard long time none received connection. , jdbcUrl : jdbc:mysql://127.0.0.1:3306/short_url?useSSL=false&serverTimezone=UTC&characterEncoding=utf8, version : 1.2.8, lastPacketReceivedIdleMillis : 87441
2022-05-21 10:14:12.950 [async-service-2] WARN  c.a.d.pool.DruidAbstractDataSource:1494- discard long time none received connection. , jdbcUrl : jdbc:mysql://127.0.0.1:3306/short_url?useSSL=false&serverTimezone=UTC&characterEncoding=utf8, version : 1.2.8, lastPacketReceivedIdleMillis : 127199
2022-05-21 10:14:12.952 [async-service-2] WARN  c.a.d.pool.DruidAbstractDataSource:1494- discard long time none received connection. , jdbcUrl : jdbc:mysql://127.0.0.1:3306/short_url?useSSL=false&serverTimezone=UTC&characterEncoding=utf8, version : 1.2.8, lastPacketReceivedIdleMillis : 127207
2022-05-21 10:14:12.953 [async-service-2] WARN  c.a.d.pool.DruidAbstractDataSource:1494- discard long time none received connection. , jdbcUrl : jdbc:mysql://127.0.0.1:3306/short_url?useSSL=false&serverTimezone=UTC&characterEncoding=utf8, version : 1.2.8, lastPacketReceivedIdleMillis : 127215
