2022-05-20 13:53:08.024 [background-preinit] INFO  o.h.validator.internal.util.Version:21- HV000001: Hibernate Validator 6.0.22.Final
2022-05-20 13:53:08.080 [main] INFO  c.b.s.BluewindShortUrlApplication:55- Starting BluewindShortUrlApplication on liuxingyu0100 with PID 173380 (D:\ideaworkplace\bluewind-shorturl\target\classes started by liuxingyu01 in D:\ideaworkplace\bluewind-shorturl)
2022-05-20 13:53:08.081 [main] INFO  c.b.s.BluewindShortUrlApplication:651- No active profile set, falling back to default profiles: default
2022-05-20 13:53:11.735 [main] INFO  org.eclipse.jetty.util.log:169- Logging initialized @7161ms to org.eclipse.jetty.util.log.Slf4jLog
2022-05-20 13:53:11.913 [main] INFO  org.eclipse.jetty.server.Server:375- jetty-9.4.35.v20201120; built: 2020-11-20T21:17:03.964Z; git: bdc54f03a5e0a7e280fab27f55c3c75ee8da89fb; jvm 1.8.0_322-b01
2022-05-20 13:53:11.943 [main] INFO  o.e.j.s.h.ContextHandler.application:2363- Initializing Spring embedded WebApplicationContext
2022-05-20 13:53:12.668 [main] INFO  org.eclipse.jetty.server.session:334- DefaultSessionIdManager workerName=node0
2022-05-20 13:53:12.669 [main] INFO  org.eclipse.jetty.server.session:339- No SessionScavenger set, using defaults
2022-05-20 13:53:12.671 [main] INFO  org.eclipse.jetty.server.session:132- node0 Scavenging every 600000ms
2022-05-20 13:53:12.684 [main] INFO  o.e.j.server.handler.ContextHandler:916- Started o.s.b.w.e.j.JettyEmbeddedWebAppContext@544e8149{application,/,[file:///C:/Users/liuxingyu01/AppData/Local/Temp/jetty-docbase.8076.4182199662895540928/],AVAILABLE}
2022-05-20 13:53:12.684 [main] INFO  org.eclipse.jetty.server.Server:415- Started @8111ms
2022-05-20 13:53:12.772 [main] INFO  c.a.d.s.b.a.DruidDataSourceAutoConfigure:56- Init DruidDataSource
2022-05-20 13:53:13.300 [main] INFO  c.alibaba.druid.pool.DruidDataSource:998- {dataSource-1} inited
2022-05-20 13:53:13.501 [main] INFO  c.b.s.common.config.ExecutorConfig:37- start asyncServiceExecutor
2022-05-20 13:53:14.225 [main] INFO  io.lettuce.core.EpollProvider:68- Starting without optional epoll library
2022-05-20 13:53:14.227 [main] INFO  io.lettuce.core.KqueueProvider:70- Starting without optional kqueue library
2022-05-20 13:53:15.598 [main] INFO  o.e.j.s.h.ContextHandler.application:2363- Initializing Spring DispatcherServlet 'dispatcherServlet'
2022-05-20 13:53:15.617 [main] INFO  o.e.jetty.server.AbstractConnector:331- Started ServerConnector@7f572c37{HTTP/1.1, (http/1.1)}{0.0.0.0:8076}
2022-05-20 13:53:15.623 [main] INFO  c.b.s.BluewindShortUrlApplication:61- Started BluewindShortUrlApplication in 8.702 seconds (JVM running for 11.049)
2022-05-20 13:53:15.625 [main] INFO  c.b.s.BluewindShortUrlApplication:27- bluewind-shorturl 启动成功！
┌─┐┬ ┬┌─┐┌─┐┌─┐┌─┐┌─┐  ┌─┐┌┬┐┌─┐┬─┐┌┬┐┌─┐┌┬┐   ┬
└─┐│ ││  │  ├┤ └─┐└─┐  └─┐ │ ├─┤├┬┘ │ ├┤  ││   │
└─┘└─┘└─┘└─┘└─┘└─┘└─┘  └─┘ ┴ ┴ ┴┴└─ ┴ └─┘─┴┘   o
-------------------------------------------------------------------------
2022-05-20 13:53:15.626 [main] INFO  c.b.s.BluewindShortUrlApplication:34- 
----------------------------------------------------------
	Access URLs:
	Local: 		http://localhost:8076/
	External: 	http://10.49.12.120:8076/
	----------------------------------------------------------
